[07:53:14] [Server thread/INFO]: Starting minecraft server version 1.7.10
[07:53:15] [Server thread/INFO]: Loading properties
[07:53:15] [Server thread/INFO]: Default game type: SURVIVAL
[07:53:15] [Server thread/INFO]: Generating keypair
[07:53:15] [Server thread/INFO]: Starting Minecraft server on *:25565
[07:53:15] [Server thread/WARN]: **** SERVER IS RUNNING IN OFFLINE/INSECURE MODE!
[07:53:15] [Server thread/WARN]: The server will make no attempt to authenticate usernames. Beware.
[07:53:15] [Server thread/WARN]: While this makes the game possible to play without internet access, it also opens up the ability for hackers to connect with any username they choose.
[07:53:15] [Server thread/WARN]: To change this, set "online-mode" to "true" in the server.properties file.
[07:53:15] [Server thread/INFO]: Preparing level "world"
[07:53:15] [Server thread/INFO]: Preparing start region for level 0
[07:53:16] [Server thread/INFO]: Done (1.030s)! For help, type "help" or "?"
[07:54:21] [Server thread/INFO]: fornaidinero lost connection: TextComponent{text='Disconnected', siblings=[], style=Style{hasParent=false, color=null, bold=null, italic=null, underlined=null, obfuscated=null, clickEvent=null, hoverEvent=null}}
[07:54:21] [Server thread/INFO]: fornaidinero left the game
[07:54:58] [Server thread/INFO]: fornaidinero[/127.167.195.195:55005] logged in with entity id 82 at (-111.5, 63.0, -176.5)
[07:54:58] [Server thread/INFO]: fornaidinero joined the game
[07:54:59] [Server thread/INFO]: fornaidinero lost connection: TextComponent{text='Disconnected', siblings=[], style=Style{hasParent=false, color=null, bold=null, italic=null, underlined=null, obfuscated=null, clickEvent=null, hoverEvent=null}}
[07:54:59] [Server thread/INFO]: fornaidinero left the game
[07:55:28] [Server thread/INFO]: fornaidinero[/127.167.195.195:58601] logged in with entity id 781 at (-111.5, 63.0, -176.5)
[07:55:28] [Server thread/INFO]: fornaidinero joined the game
[07:55:30] [Server thread/INFO]: fornaidinero lost connection: TextComponent{text='Disconnected', siblings=[], style=Style{hasParent=false, color=null, bold=null, italic=null, underlined=null, obfuscated=null, clickEvent=null, hoverEvent=null}}
[07:55:30] [Server thread/INFO]: fornaidinero left the game
[07:56:00] [Server thread/INFO]: fornaidinero[/127.167.195.195:35825] logged in with entity id 806 at (-111.5, 63.0, -176.5)
[07:56:00] [Server thread/INFO]: fornaidinero joined the game
[07:56:01] [Server thread/INFO]: fornaidinero lost connection: TextComponent{text='Disconnected', siblings=[], style=Style{hasParent=false, color=null, bold=null, italic=null, underlined=null, obfuscated=null, clickEvent=null, hoverEvent=null}}
[07:56:01] [Server thread/INFO]: fornaidinero left the game
[07:57:50] [Server thread/INFO]: fornaidinero[/127.167.195.195:49311] logged in with entity id 843 at (-111.5, 63.0, -176.5)
[07:57:50] [Server thread/INFO]: fornaidinero joined the game
[07:58:04] [Server thread/INFO]: fornaidinero lost connection: TextComponent{text='Disconnected', siblings=[], style=Style{hasParent=false, color=null, bold=null, italic=null, underlined=null, obfuscated=null, clickEvent=null, hoverEvent=null}}
[07:58:04] [Server thread/INFO]: fornaidinero left the game
[07:58:10] [Server thread/INFO]: Stopping the server
[07:58:10] [Server thread/INFO]: Stopping server
[07:58:10] [Server thread/INFO]: Saving players
[07:58:10] [Server thread/INFO]: Saving worlds
[07:58:10] [Server thread/INFO]: Saving chunks for level 'world'/Overworld
[07:58:10] [Server thread/INFO]: Saving chunks for level 'world'/Nether
[07:58:10] [Server thread/INFO]: Saving chunks for level 'world'/The End
